<?xml version="1.0" encoding="UTF-8"?>
<!-- Generated by org.testng.reporters.JUnitReportReporter -->
<testsuite hostname="LAPTOP-FSSSHEBO" name="org.jlite.core.jlite.TestCaseRunner" tests="7" failures="0" timestamp="30 Dec 2016 23:12:52 GMT" time="58.628" errors="0">
  <testcase name="doRunTestCase" time="6.438" classname="org.jlite.core.jlite.TestCaseRunner"/>
  <testcase name="doRunTestCase" time="8.666" classname="org.jlite.core.jlite.TestCaseRunner"/>
  <testcase name="doRunTestCase" time="6.724" classname="org.jlite.core.jlite.TestCaseRunner"/>
  <testcase name="doRunTestCase" time="5.552" classname="org.jlite.core.jlite.TestCaseRunner"/>
  <testcase name="doRunTestCase" time="6.660" classname="org.jlite.core.jlite.TestCaseRunner"/>
  <testcase name="doRunTestCase" time="11.045" classname="org.jlite.core.jlite.TestCaseRunner"/>
  <testcase name="doRunTestCase" time="13.543" classname="org.jlite.core.jlite.TestCaseRunner"/>
</testsuite> <!-- org.jlite.core.jlite.TestCaseRunner -->
