<?xml version="1.0" encoding="UTF-8"?>
<!-- Generated by org.testng.reporters.JUnitReportReporter -->
<testsuite hostname="LAPTOP-FSSSHEBO" name="com.poet.core.test.testcases.TestClassOne" tests="1" failures="0" timestamp="23 Dec 2016 19:37:09 GMT" time="0.009" errors="0">
  <testcase name="doTest" time="0.009" classname="com.poet.core.test.testcases.TestClassOne"/>
</testsuite> <!-- com.poet.core.test.testcases.TestClassOne -->
